1667841228773	geckodriver	INFO	Listening on 127.0.0.1:50590
1667841231811	mozrunner::runner	INFO	Running command: "C:\\Program Files\\Firefox Developer Edition\\firefox.exe" "--marionette" "user-agent=Mozilla/5.0 (Windows NT 10.0; Win64; x64; rv:106.0) Gecko/20100101 Firefox/106.0" "--remote-debugging-port" "50591" "--remote-allow-hosts" "localhost" "-no-remote" "-profile" "C:\\Users\\guill\\AppData\\Local\\Temp\\rust_mozprofilejoByZj"
1667841232312	Marionette	INFO	Marionette enabled
1667841232317	Marionette	INFO	Listening on port 50602
Read port: 50602
WebDriver BiDi listening on ws://127.0.0.1:50591
1667841232488	RemoteAgent	WARN	TLS certificate errors will be ignored for this session
console.warn: SearchSettings: "get: No settings file exists, new profile?" (new NotFoundError("Could not open the file at C:\\Users\\guill\\AppData\\Local\\Temp\\rust_mozprofilejoByZj\\search.json.mozlz4", (void 0)))
DevTools listening on ws://127.0.0.1:50591/devtools/browser/9e2949c9-a810-4a35-8468-f84ef45724cc
console.warn: LoginRecipes: "Falling back to a synchronous message for: https://www.booking.com."
JavaScript warning: https://t-cf.bstatic.com/static/js/searchresults_cft/49bb7524b70bdf74e748d0d13aac9cf37fb255e0.js, line 1: unreachable code after return statement
console.warn: LoginRecipes: "Falling back to a synchronous message for: https://www.booking.com."
JavaScript warning: https://t-cf.bstatic.com/static/js/searchresults_cft/49bb7524b70bdf74e748d0d13aac9cf37fb255e0.js, line 1: unreachable code after return statement
console.warn: LoginRecipes: "Falling back to a synchronous message for: https://www.booking.com."
console.warn: LoginRecipes: "Falling back to a synchronous message for: https://www.booking.com."
1667841353567	Marionette	WARN	TimedPromise timed out after 500 ms: stacktrace:
TimedPromise/<@chrome://remote/content/marionette/sync.sys.mjs:220:24
TimedPromise@chrome://remote/content/marionette/sync.sys.mjs:205:10
interaction.flushEventLoop@chrome://remote/content/marionette/interaction.sys.mjs:425:10
webdriverClickElement@chrome://remote/content/marionette/interaction.sys.mjs:173:31
1667841364540	Marionette	WARN	TimedPromise timed out after 500 ms: stacktrace:
TimedPromise/<@chrome://remote/content/marionette/sync.sys.mjs:220:24
TimedPromise@chrome://remote/content/marionette/sync.sys.mjs:205:10
interaction.flushEventLoop@chrome://remote/content/marionette/interaction.sys.mjs:425:10
webdriverClickElement@chrome://remote/content/marionette/interaction.sys.mjs:173:31
1667841375521	Marionette	WARN	TimedPromise timed out after 500 ms: stacktrace:
TimedPromise/<@chrome://remote/content/marionette/sync.sys.mjs:220:24
TimedPromise@chrome://remote/content/marionette/sync.sys.mjs:205:10
interaction.flushEventLoop@chrome://remote/content/marionette/interaction.sys.mjs:425:10
webdriverClickElement@chrome://remote/content/marionette/interaction.sys.mjs:173:31
1667841386335	Marionette	WARN	TimedPromise timed out after 500 ms: stacktrace:
TimedPromise/<@chrome://remote/content/marionette/sync.sys.mjs:220:24
TimedPromise@chrome://remote/content/marionette/sync.sys.mjs:205:10
interaction.flushEventLoop@chrome://remote/content/marionette/interaction.sys.mjs:425:10
webdriverClickElement@chrome://remote/content/marionette/interaction.sys.mjs:173:31
1667841396561	Marionette	INFO	Stopped listening on port 50602
1667841469482	geckodriver	INFO	Listening on 127.0.0.1:51056
1667841472514	mozrunner::runner	INFO	Running command: "C:\\Program Files\\Firefox Developer Edition\\firefox.exe" "--marionette" "user-agent=Mozilla/5.0 (Windows NT 10.0; Win64; x64; rv:106.0) Gecko/20100101 Firefox/106.0" "--remote-debugging-port" "51057" "--remote-allow-hosts" "localhost" "-no-remote" "-profile" "C:\\Users\\guill\\AppData\\Local\\Temp\\rust_mozprofile7l6GU1"
1667841472859	Marionette	INFO	Marionette enabled
1667841472863	Marionette	INFO	Listening on port 51066
Read port: 51066
WebDriver BiDi listening on ws://127.0.0.1:51057
1667841473023	RemoteAgent	WARN	TLS certificate errors will be ignored for this session
console.warn: SearchSettings: "get: No settings file exists, new profile?" (new NotFoundError("Could not open the file at C:\\Users\\guill\\AppData\\Local\\Temp\\rust_mozprofile7l6GU1\\search.json.mozlz4", (void 0)))
DevTools listening on ws://127.0.0.1:51057/devtools/browser/d9a243b9-f37b-4690-aaef-501b3214de75
1667841490693	Marionette	WARN	TimedPromise timed out after 500 ms: stacktrace:
TimedPromise/<@chrome://remote/content/marionette/sync.sys.mjs:220:24
TimedPromise@chrome://remote/content/marionette/sync.sys.mjs:205:10
interaction.flushEventLoop@chrome://remote/content/marionette/interaction.sys.mjs:425:10
webdriverClickElement@chrome://remote/content/marionette/interaction.sys.mjs:173:31
1667841491456	Marionette	WARN	TimedPromise timed out after 500 ms: stacktrace:
TimedPromise/<@chrome://remote/content/marionette/sync.sys.mjs:220:24
TimedPromise@chrome://remote/content/marionette/sync.sys.mjs:205:10
interaction.flushEventLoop@chrome://remote/content/marionette/interaction.sys.mjs:425:10
webdriverClickElement@chrome://remote/content/marionette/interaction.sys.mjs:173:31
1667841492167	Marionette	WARN	TimedPromise timed out after 500 ms: stacktrace:
TimedPromise/<@chrome://remote/content/marionette/sync.sys.mjs:220:24
TimedPromise@chrome://remote/content/marionette/sync.sys.mjs:205:10
interaction.flushEventLoop@chrome://remote/content/marionette/interaction.sys.mjs:425:10
webdriverClickElement@chrome://remote/content/marionette/interaction.sys.mjs:173:31
1667841492889	Marionette	WARN	TimedPromise timed out after 500 ms: stacktrace:
TimedPromise/<@chrome://remote/content/marionette/sync.sys.mjs:220:24
TimedPromise@chrome://remote/content/marionette/sync.sys.mjs:205:10
interaction.flushEventLoop@chrome://remote/content/marionette/interaction.sys.mjs:425:10
webdriverClickElement@chrome://remote/content/marionette/interaction.sys.mjs:173:31
console.warn: LoginRecipes: "Falling back to a synchronous message for: https://www.booking.com."
1667841495105	Marionette	WARN	TimedPromise timed out after 500 ms: stacktrace:
TimedPromise/<@chrome://remote/content/marionette/sync.sys.mjs:220:24
TimedPromise@chrome://remote/content/marionette/sync.sys.mjs:205:10
interaction.flushEventLoop@chrome://remote/content/marionette/interaction.sys.mjs:425:10
webdriverClickElement@chrome://remote/content/marionette/interaction.sys.mjs:173:31
JavaScript warning: https://cf.bstatic.com/static/js/searchresults_cloudfront_sd/49bb7524b70bdf74e748d0d13aac9cf37fb255e0.js, line 1: unreachable code after return statement
1667841499724	Marionette	WARN	TimedPromise timed out after 500 ms: stacktrace:
TimedPromise/<@chrome://remote/content/marionette/sync.sys.mjs:220:24
TimedPromise@chrome://remote/content/marionette/sync.sys.mjs:205:10
interaction.flushEventLoop@chrome://remote/content/marionette/interaction.sys.mjs:425:10
webdriverClickElement@chrome://remote/content/marionette/interaction.sys.mjs:173:31
1667841502446	Marionette	WARN	TimedPromise timed out after 500 ms: stacktrace:
TimedPromise/<@chrome://remote/content/marionette/sync.sys.mjs:220:24
TimedPromise@chrome://remote/content/marionette/sync.sys.mjs:205:10
interaction.flushEventLoop@chrome://remote/content/marionette/interaction.sys.mjs:425:10
webdriverClickElement@chrome://remote/content/marionette/interaction.sys.mjs:173:31
1667841505186	Marionette	WARN	TimedPromise timed out after 500 ms: stacktrace:
TimedPromise/<@chrome://remote/content/marionette/sync.sys.mjs:220:24
TimedPromise@chrome://remote/content/marionette/sync.sys.mjs:205:10
interaction.flushEventLoop@chrome://remote/content/marionette/interaction.sys.mjs:425:10
webdriverClickElement@chrome://remote/content/marionette/interaction.sys.mjs:173:31
1667841505908	Marionette	WARN	TimedPromise timed out after 500 ms: stacktrace:
TimedPromise/<@chrome://remote/content/marionette/sync.sys.mjs:220:24
TimedPromise@chrome://remote/content/marionette/sync.sys.mjs:205:10
interaction.flushEventLoop@chrome://remote/content/marionette/interaction.sys.mjs:425:10
webdriverClickElement@chrome://remote/content/marionette/interaction.sys.mjs:173:31
1667841506636	Marionette	WARN	TimedPromise timed out after 500 ms: stacktrace:
TimedPromise/<@chrome://remote/content/marionette/sync.sys.mjs:220:24
TimedPromise@chrome://remote/content/marionette/sync.sys.mjs:205:10
interaction.flushEventLoop@chrome://remote/content/marionette/interaction.sys.mjs:425:10
webdriverClickElement@chrome://remote/content/marionette/interaction.sys.mjs:173:31
console.warn: LoginRecipes: "Falling back to a synchronous message for: https://www.booking.com."
1667841509359	Marionette	WARN	TimedPromise timed out after 500 ms: stacktrace:
TimedPromise/<@chrome://remote/content/marionette/sync.sys.mjs:220:24
TimedPromise@chrome://remote/content/marionette/sync.sys.mjs:205:10
interaction.flushEventLoop@chrome://remote/content/marionette/interaction.sys.mjs:425:10
webdriverClickElement@chrome://remote/content/marionette/interaction.sys.mjs:173:31
JavaScript warning: https://cf.bstatic.com/static/js/searchresults_cloudfront_sd/49bb7524b70bdf74e748d0d13aac9cf37fb255e0.js, line 1: unreachable code after return statement
1667841512733	Marionette	WARN	TimedPromise timed out after 500 ms: stacktrace:
TimedPromise/<@chrome://remote/content/marionette/sync.sys.mjs:220:24
TimedPromise@chrome://remote/content/marionette/sync.sys.mjs:205:10
interaction.flushEventLoop@chrome://remote/content/marionette/interaction.sys.mjs:425:10
webdriverClickElement@chrome://remote/content/marionette/interaction.sys.mjs:173:31
1667841523753	Marionette	WARN	TimedPromise timed out after 500 ms: stacktrace:
TimedPromise/<@chrome://remote/content/marionette/sync.sys.mjs:220:24
TimedPromise@chrome://remote/content/marionette/sync.sys.mjs:205:10
interaction.flushEventLoop@chrome://remote/content/marionette/interaction.sys.mjs:425:10
webdriverClickElement@chrome://remote/content/marionette/interaction.sys.mjs:173:31
console.warn: LoginRecipes: "Falling back to a synchronous message for: https://www.booking.com."
1667841545374	Marionette	WARN	TimedPromise timed out after 500 ms: stacktrace:
TimedPromise/<@chrome://remote/content/marionette/sync.sys.mjs:220:24
TimedPromise@chrome://remote/content/marionette/sync.sys.mjs:205:10
interaction.flushEventLoop@chrome://remote/content/marionette/interaction.sys.mjs:425:10
webdriverClickElement@chrome://remote/content/marionette/interaction.sys.mjs:173:31
1667841550502	Marionette	INFO	Stopped listening on port 51066
console.warn: TopSitesFeed: Failed to fetch data from Contile server: NetworkError when attempting to fetch resource.
[Parent 19420, IPC I/O Parent] WARNING: file /builds/worker/checkouts/gecko/ipc/chromium/src/base/process_util_win.cc:167
1667841942935	geckodriver	INFO	Listening on 127.0.0.1:51300
1667841945969	mozrunner::runner	INFO	Running command: "C:\\Program Files\\Firefox Developer Edition\\firefox.exe" "--marionette" "user-agent=Mozilla/5.0 (Windows NT 10.0; Win64; x64; rv:106.0) Gecko/20100101 Firefox/106.0" "--remote-debugging-port" "51301" "--remote-allow-hosts" "localhost" "-no-remote" "-profile" "C:\\Users\\guill\\AppData\\Local\\Temp\\rust_mozprofileRCnQW5"
1667841946319	Marionette	INFO	Marionette enabled
1667841946325	Marionette	INFO	Listening on port 51310
Read port: 51310
WebDriver BiDi listening on ws://127.0.0.1:51301
1667841946487	RemoteAgent	WARN	TLS certificate errors will be ignored for this session
console.warn: SearchSettings: "get: No settings file exists, new profile?" (new NotFoundError("Could not open the file at C:\\Users\\guill\\AppData\\Local\\Temp\\rust_mozprofileRCnQW5\\search.json.mozlz4", (void 0)))
DevTools listening on ws://127.0.0.1:51301/devtools/browser/e7fbb5cc-57ba-4305-bb8e-af13f2a240b0
console.warn: LoginRecipes: "Falling back to a synchronous message for: https://www.booking.com."
JavaScript warning: https://t-cf.bstatic.com/static/js/searchresults_cft/49bb7524b70bdf74e748d0d13aac9cf37fb255e0.js, line 1: unreachable code after return statement
1667842413822	Marionette	INFO	Stopped listening on port 51310
console.warn: TopSitesFeed: Failed to fetch data from Contile server: NetworkError when attempting to fetch resource.
nette" "user-agent=Mozilla/5.0 (Windows NT 10.0; Win64; x64; rv:106.0) Gecko/20100101 Firefox/106.0" "--remote-debugging-port" "51750" "--remote-allow-hosts" "localhost" "-no-remote" "-profile" "C:\\Users\\guill\\AppData\\Local\\Temp\\rust_mozprofileCwIx4Z"
1667842057727	Marionette	INFO	Marionette enabled
1667842057732	Marionette	INFO	Listening on port 51759
Read port: 51759
WebDriver BiDi listening on ws://127.0.0.1:51750
1667842057898	RemoteAgent	WARN	TLS certificate errors will be ignored for this session
console.warn: SearchSettings: "get: No settings file exists, new profile?" (new NotFoundError("Could not open the file at C:\\Users\\guill\\AppData\\Local\\Temp\\rust_mozprofileCwIx4Z\\search.json.mozlz4", (void 0)))
DevTools listening on ws://127.0.0.1:51750/devtools/browser/233c2499-335f-4eb2-9ad1-8e83ea894dd5
console.warn: LoginRecipes: "Falling back to a synchronous message for: https://www.booking.com."
JavaScript warning: https://t-cf.bstatic.com/static/js/searchresults_cft/49bb7524b70bdf74e748d0d13aac9cf37fb255e0.js, line 1: unreachable code after return statement
1667842105277	Marionette	WARN	TimedPromise timed out after 500 ms: stacktrace:
TimedPromise/<@chrome://remote/content/marionette/sync.sys.mjs:220:24
TimedPromise@chrome://remote/content/marionette/sync.sys.mjs:205:10
interaction.flushEventLoop@chrome://remote/content/marionette/interaction.sys.mjs:425:10
webdriverClickElement@chrome://remote/content/marionette/interaction.sys.mjs:173:31
console.warn: LoginRecipes: "Falling back to a synchronous message for: https://www.booking.com."
1667842108529	Marionette	WARN	TimedPromise timed out after 500 ms: stacktrace:
TimedPromise/<@chrome://remote/content/marionette/sync.sys.mjs:220:24
TimedPromise@chrome://remote/content/marionette/sync.sys.mjs:205:10
interaction.flushEventLoop@chrome://remote/content/marionette/interaction.sys.mjs:425:10
webdriverClickElement@chrome://remote/content/marionette/interaction.sys.mjs:173:31
1667842119484	Marionette	WARN	TimedPromise timed out after 500 ms: stacktrace:
TimedPromise/<@chrome://remote/content/marionette/sync.sys.mjs:220:24
TimedPromise@chrome://remote/content/marionette/sync.sys.mjs:205:10
interaction.flushEventLoop@chrome://remote/content/marionette/interaction.sys.mjs:425:10
webdriverClickElement@chrome://remote/content/marionette/interaction.sys.mjs:173:31
1667842157976	Marionette	INFO	Stopped listening on port 51759
console.warn: TopSitesFeed: Failed to fetch data from Contile server: NetworkError when attempting to fetch resource.
1667842180615	geckodriver	INFO	Listening on 127.0.0.1:51875
1667842183665	mozrunner::runner	INFO	Running command: "C:\\Program Files\\Firefox Developer Edition\\firefox.exe" "--marionette" "user-agent=Mozilla/5.0 (Windows NT 10.0; Win64; x64; rv:106.0) Gecko/20100101 Firefox/106.0" "--remote-debugging-port" "51876" "--remote-allow-hosts" "localhost" "-no-remote" "-profile" "C:\\Users\\guill\\AppData\\Local\\Temp\\rust_mozprofileG0HtsZ"
1667842184011	Marionette	INFO	Marionette enabled
1667842184017	Marionette	INFO	Listening on port 51885
Read port: 51885
WebDriver BiDi listening on ws://127.0.0.1:51876
1667842184179	RemoteAgent	WARN	TLS certificate errors will be ignored for this session
console.warn: SearchSettings: "get: No settings file exists, new profile?" (new NotFoundError("Could not open the file at C:\\Users\\guill\\AppData\\Local\\Temp\\rust_mozprofileG0HtsZ\\search.json.mozlz4", (void 0)))
DevTools listening on ws://127.0.0.1:51876/devtools/browser/f408b40e-2799-4e60-b6c4-645c115c48ce
console.warn: LoginRecipes: "Falling back to a synchronous message for: https://www.booking.com."
JavaScript warning: https://t-cf.bstatic.com/static/js/searchresults_cft/49bb7524b70bdf74e748d0d13aac9cf37fb255e0.js, line 1: unreachable code after return statement
console.warn: LoginRecipes: "Falling back to a synchronous message for: https://www.booking.com."
JavaScript warning: https://t-cf.bstatic.com/static/js/searchresults_cft/49bb7524b70bdf74e748d0d13aac9cf37fb255e0.js, line 1: unreachable code after return statement
console.warn: LoginRecipes: "Falling back to a synchronous message for: https://www.booking.com."
console.warn: LoginRecipes: "Falling back to a synchronous message for: https://www.booking.com."
1667842397899	Marionette	WARN	TimedPromise timed out after 500 ms: stacktrace:
TimedPromise/<@chrome://remote/content/marionette/sync.sys.mjs:220:24
TimedPromise@chrome://remote/content/marionette/sync.sys.mjs:205:10
interaction.flushEventLoop@chrome://remote/content/marionette/interaction.sys.mjs:425:10
webdriverClickElement@chrome://remote/content/marionette/interaction.sys.mjs:173:31
1667842408119	Marionette	INFO	Stopped listening on port 51885
